<?xml version="1.0" encoding="UTF-8"?>
<!-- Generated by org.testng.reporters.JUnitXMLReporter -->
<testsuite ignored="0" hostname="DESKTOP-EEPFM3U" failures="1" tests="5" name="Order Products" time="11.954" errors="0" timestamp="2021-09-06T21:56:36 SAST">
  <testcase classname="com.swaglabs.selenium.OrderProductsTest" name="launchBrowser" time="0.442">
    <failure type="java.lang.AssertionError" message="Checking page title expected [Swag LabsT] but found [Swag Labs]">
      <![CDATA[java.lang.AssertionError: Checking page title expected [Swag LabsT] but found [Swag Labs]
at com.swaglabs.selenium.OrderProductsTest.launchBrowser(OrderProductsTest.java:71)
at java.base/java.util.ArrayList.forEach(ArrayList.java:1511)
... Removed 32 stack frames]]>
    </failure>
  </testcase> <!-- launchBrowser -->
  <testcase classname="com.swaglabs.selenium.OrderProductsTest" name="login" time="1.51"/>
  <testcase classname="com.swaglabs.selenium.OrderProductsTest" name="sortProducts" time="1.342"/>
  <testcase classname="com.swaglabs.selenium.OrderProductsTest" name="placeOrder" time="5.562"/>
  <testcase classname="com.swaglabs.selenium.OrderProductsTest" name="logout" time="0.899"/>
</testsuite> <!-- Order Products -->
